<?xml version="1.0" encoding="UTF-8"?>
<!-- Generated by org.testng.reporters.JUnitXMLReporter -->
<testsuite ignored="0" hostname="MUKESH-PC" failures="0" tests="4" name="Command line test" time="50.792" errors="0" timestamp="2023-06-30T17:15:38 IST">
  <testcase classname="driverFactory.TestScript" name="verifyFrontPageTitle" time="7.938"/>
  <testcase classname="driverFactory.TestScript" name="verifyFrontPageHeader" time="0.625"/>
  <testcase classname="driverFactory.TestScript" name="search" time="9.716"/>
  <testcase classname="driverFactory.TestScript" name="ASearchedProducts" time="30.903"/>
</testsuite> <!-- Command line test -->
