<?xml version="1.0" encoding="UTF-8"?>
<!-- Generated by org.testng.reporters.JUnitXMLReporter -->
<testsuite ignored="0" hostname="MUKESH-PC" failures="0" tests="4" name="Command line test" time="45.247" errors="0" timestamp="2023-06-13T15:36:44 IST">
  <testcase classname="driverFactory.TestScript" name="verifyFrontPageTitle" time="5.567"/>
  <testcase classname="driverFactory.TestScript" name="verifyFrontPageHeader" time="0.394"/>
  <testcase classname="driverFactory.TestScript" name="search" time="8.99"/>
  <testcase classname="driverFactory.TestScript" name="ASearchedProducts" time="29.576"/>
</testsuite> <!-- Command line test -->
