<?xml version="1.0" encoding="UTF-8"?>
<!-- Generated by org.testng.reporters.JUnitXMLReporter -->
<testsuite ignored="0" hostname="MUKESH-PC" failures="0" tests="4" name="Surefire test" time="57.139" errors="0" timestamp="2023-06-08T15:58:21 IST">
  <testcase classname="driverFactory.TestScript" name="verifyFrontPageTitle" time="1.832"/>
  <testcase classname="driverFactory.TestScript" name="verifyFrontPageHeader" time="0.202"/>
  <testcase classname="driverFactory.TestScript" name="search" time="23.201"/>
  <testcase classname="driverFactory.TestScript" name="ASearchedProducts" time="28.752"/>
</testsuite> <!-- Surefire test -->
