<?xml version="1.0" encoding="UTF-8"?>
<!-- Generated by org.testng.reporters.JUnitXMLReporter -->
<testsuite ignored="2" hostname="MUKESH-PC" failures="1" tests="5" name="Surefire test" time="53.753" errors="0" timestamp="2023-07-12T23:14:51 IST">
  <testcase classname="driverFactory.TestScript01" name="verifyFrontPageTitle" time="1.144"/>
  <testcase classname="driverFactory.TestScript01" name="verifyFrontPageHeader" time="1.035"/>
  <testcase classname="driverFactory.TestScript01" name="search" time="13.576"/>
  <testcase classname="driverFactory.TestScript01" name="ASearchedProducts" time="32.957"/>
  <testcase classname="driverFactory.TestScript02" name="startSearch" time="1.709">
    <failure type="java.lang.NullPointerException">
      <![CDATA[java.lang.NullPointerException
at org.openqa.selenium.support.pagefactory.DefaultElementLocator.findElement(DefaultElementLocator.java:69)
at org.openqa.selenium.support.pagefactory.internal.LocatingElementHandler.invoke(LocatingElementHandler.java:38)
at com.sun.proxy.$Proxy19.click(Unknown Source)
at scenario02.AfrontPage01.fPage(AfrontPage01.java:17)
at driverFactory.TestScript02.startSearch(TestScript02.java:14)
at java.base/java.util.ArrayList.forEach(ArrayList.java:1541)
... Removed 31 stack frames]]>
    </failure>
  </testcase> <!-- startSearch -->
  <testcase classname="config.AppUtil" name="@BeforeSuite setUp" time="0.0">
    <ignored/>
  </testcase> <!-- @BeforeSuite setUp -->
  <testcase classname="config.AppUtil" name="@AfterSuite tearDown" time="0.0">
    <ignored/>
  </testcase> <!-- @AfterSuite tearDown -->
</testsuite> <!-- Surefire test -->
