<?xml version="1.0" encoding="UTF-8"?>
<testng-results ignored="2" total="7" passed="4" failed="1" skipped="0">
  <reporter-output>
    <line>
      <![CDATA[Front page title verified ::  Online Shopping site in India: Shop Online for Mobiles, Books, Watches, Shoes and More - Amazon.in]]>
    </line>
    <line>
      <![CDATA[Front page header verified ::  Amazon miniTV]]>
    </line>
    <line>
      <![CDATA[Search Functionality of this app verified ::  "a sport shoe for men"]]>
    </line>
    <line>
      <![CDATA[All searched product loaded and Clicked Product verified:: Men's Running Shoe  Men's Running Shoe]]>
    </line>
  </reporter-output>
  <suite started-at="2023-07-12T23:13:56 IST" name="Surefire suite" finished-at="2023-07-12T23:14:50 IST" duration-ms="53753">
    <groups>
    </groups>
    <test started-at="2023-07-12T23:13:56 IST" name="Surefire test" finished-at="2023-07-12T23:14:50 IST" duration-ms="53753">
      <class name="driverFactory.TestScript02">
        <test-method signature="startSearch()[pri:0, instance:driverFactory.TestScript02@56e8b606]" started-at="2023-07-12T23:14:47 IST" name="startSearch" finished-at="2023-07-12T23:14:49 IST" duration-ms="1709" status="FAIL">
          <exception class="java.lang.NullPointerException">
            <full-stacktrace>
              <![CDATA[java.lang.NullPointerException
at org.openqa.selenium.support.pagefactory.DefaultElementLocator.findElement(DefaultElementLocator.java:69)
at org.openqa.selenium.support.pagefactory.internal.LocatingElementHandler.invoke(LocatingElementHandler.java:38)
at com.sun.proxy.$Proxy19.click(Unknown Source)
at scenario02.AfrontPage01.fPage(AfrontPage01.java:17)
at driverFactory.TestScript02.startSearch(TestScript02.java:14)
at java.base/jdk.internal.reflect.NativeMethodAccessorImpl.invoke0(Native Method)
at java.base/jdk.internal.reflect.NativeMethodAccessorImpl.invoke(NativeMethodAccessorImpl.java:62)
at java.base/jdk.internal.reflect.DelegatingMethodAccessorImpl.invoke(DelegatingMethodAccessorImpl.java:43)
at java.base/java.lang.reflect.Method.invoke(Method.java:566)
at org.testng.internal.MethodInvocationHelper.invokeMethod(MethodInvocationHelper.java:133)
at org.testng.internal.TestInvoker.invokeMethod(TestInvoker.java:598)
at org.testng.internal.TestInvoker.invokeTestMethod(TestInvoker.java:173)
at org.testng.internal.MethodRunner.runInSequence(MethodRunner.java:46)
at org.testng.internal.TestInvoker$MethodInvocationAgent.invoke(TestInvoker.java:824)
at org.testng.internal.TestInvoker.invokeTestMethods(TestInvoker.java:146)
at org.testng.internal.TestMethodWorker.invokeTestMethods(TestMethodWorker.java:146)
at org.testng.internal.TestMethodWorker.run(TestMethodWorker.java:128)
at java.base/java.util.ArrayList.forEach(ArrayList.java:1541)
at org.testng.TestRunner.privateRun(TestRunner.java:794)
at org.testng.TestRunner.run(TestRunner.java:596)
at org.testng.SuiteRunner.runTest(SuiteRunner.java:377)
at org.testng.SuiteRunner.runSequentially(SuiteRunner.java:371)
at org.testng.SuiteRunner.privateRun(SuiteRunner.java:332)
at org.testng.SuiteRunner.run(SuiteRunner.java:276)
at org.testng.SuiteRunnerWorker.runSuite(SuiteRunnerWorker.java:53)
at org.testng.SuiteRunnerWorker.run(SuiteRunnerWorker.java:96)
at org.testng.TestNG.runSuitesSequentially(TestNG.java:1212)
at org.testng.TestNG.runSuitesLocally(TestNG.java:1134)
at org.testng.TestNG.runSuites(TestNG.java:1063)
at org.testng.TestNG.run(TestNG.java:1031)
at org.apache.maven.surefire.testng.TestNGExecutor.run(TestNGExecutor.java:135)
at org.apache.maven.surefire.testng.TestNGDirectoryTestSuite.executeMulti(TestNGDirectoryTestSuite.java:193)
at org.apache.maven.surefire.testng.TestNGDirectoryTestSuite.execute(TestNGDirectoryTestSuite.java:94)
at org.apache.maven.surefire.testng.TestNGProvider.invoke(TestNGProvider.java:146)
at org.apache.maven.surefire.booter.ForkedBooter.invokeProviderInSameClassLoader(ForkedBooter.java:386)
at org.apache.maven.surefire.booter.ForkedBooter.runSuitesInProcess(ForkedBooter.java:323)
at org.apache.maven.surefire.booter.ForkedBooter.main(ForkedBooter.java:143)
]]>
            </full-stacktrace>
          </exception> <!-- java.lang.NullPointerException -->
          <reporter-output>
          </reporter-output>
        </test-method> <!-- startSearch -->
      </class> <!-- driverFactory.TestScript02 -->
      <class name="driverFactory.TestScript01">
        <test-method is-config="true" signature="setUp()[pri:0, instance:driverFactory.TestScript01@616fe72b]" started-at="2023-07-12T23:13:38 IST" name="setUp" finished-at="2023-07-12T23:13:56 IST" duration-ms="18689" status="PASS">
          <reporter-output>
          </reporter-output>
        </test-method> <!-- setUp -->
        <test-method signature="verifyFrontPageTitle()[pri:0, instance:driverFactory.TestScript01@616fe72b]" started-at="2023-07-12T23:13:57 IST" name="verifyFrontPageTitle" finished-at="2023-07-12T23:13:58 IST" duration-ms="1144" status="PASS">
          <reporter-output>
            <line>
              <![CDATA[Front page title verified ::  Online Shopping site in India: Shop Online for Mobiles, Books, Watches, Shoes and More - Amazon.in]]>
            </line>
          </reporter-output>
        </test-method> <!-- verifyFrontPageTitle -->
        <test-method signature="verifyFrontPageHeader()[pri:1, instance:driverFactory.TestScript01@616fe72b]" started-at="2023-07-12T23:13:58 IST" name="verifyFrontPageHeader" finished-at="2023-07-12T23:13:59 IST" duration-ms="1035" status="PASS">
          <reporter-output>
            <line>
              <![CDATA[Front page header verified ::  Amazon miniTV]]>
            </line>
          </reporter-output>
        </test-method> <!-- verifyFrontPageHeader -->
        <test-method signature="search()[pri:2, instance:driverFactory.TestScript01@616fe72b]" started-at="2023-07-12T23:13:59 IST" name="search" finished-at="2023-07-12T23:14:13 IST" duration-ms="13576" status="PASS">
          <reporter-output>
            <line>
              <![CDATA[Search Functionality of this app verified ::  "a sport shoe for men"]]>
            </line>
          </reporter-output>
        </test-method> <!-- search -->
        <test-method signature="ASearchedProducts()[pri:3, instance:driverFactory.TestScript01@616fe72b]" started-at="2023-07-12T23:14:13 IST" name="ASearchedProducts" finished-at="2023-07-12T23:14:46 IST" duration-ms="32957" status="PASS">
          <reporter-output>
            <line>
              <![CDATA[All searched product loaded and Clicked Product verified:: Men's Running Shoe  Men's Running Shoe]]>
            </line>
          </reporter-output>
        </test-method> <!-- ASearchedProducts -->
        <test-method is-config="true" signature="tearDown()[pri:0, instance:driverFactory.TestScript01@616fe72b]" started-at="2023-07-12T23:14:52 IST" name="tearDown" finished-at="2023-07-12T23:14:55 IST" duration-ms="3261" status="PASS">
          <reporter-output>
          </reporter-output>
        </test-method> <!-- tearDown -->
      </class> <!-- driverFactory.TestScript01 -->
    </test> <!-- Surefire test -->
  </suite> <!-- Surefire suite -->
</testng-results>
