-------------------------------------------------------------------------------
Test set: TestSuite
-------------------------------------------------------------------------------
Tests run: 5, Failures: 1, Errors: 0, Skipped: 0, Time elapsed: 82.575 s <<< FAILURE! - in TestSuite
startSearch(driverFactory.TestScript02)  Time elapsed: 2.66 s  <<< FAILURE!
java.lang.NullPointerException
	at driverFactory.TestScript02.startSearch(TestScript02.java:14)

