<?xml version="1.0" encoding="UTF-8"?>
<testsuite xmlns:xsi="http://www.w3.org/2001/XMLSchema-instance" xsi:noNamespaceSchemaLocation="https://maven.apache.org/surefire/maven-surefire-plugin/xsd/surefire-test-report.xsd" name="TestSuite" time="82.575" tests="5" errors="0" skipped="0" failures="1">
  <properties>
[...]
</properties>
  <testcase name="verifyFrontPageTitle" classname="driverFactory.TestScript01" time="1.146"/>
  <testcase name="verifyFrontPageHeader" classname="driverFactory.TestScript01" time="1.055"/>
  <testcase name="search" classname="driverFactory.TestScript01" time="13.574"/>
  <testcase name="ASearchedProducts" classname="driverFactory.TestScript01" time="32.957"/>
  <testcase name="startSearch" classname="driverFactory.TestScript02" time="2.66">
    <failure type="java.lang.NullPointerException">java.lang.NullPointerException
	at driverFactory.TestScript02.startSearch(TestScript02.java:14)
</failure>
  </testcase>
</testsuite>