<?xml version="1.0" encoding="UTF-8"?>
<testng-results ignored="0" total="4" passed="4" failed="0" skipped="0">
  <reporter-output>
    <line>
      <![CDATA[Front page title verified ::  Online Shopping site in India: Shop Online for Mobiles, Books, Watches, Shoes and More - Amazon.in]]>
    </line>
    <line>
      <![CDATA[Front page header verified ::  Amazon miniTV]]>
    </line>
    <line>
      <![CDATA[Search Functionality of this app verified ::  "a sport shoe for men"]]>
    </line>
    <line>
      <![CDATA[All searched product loaded and Clicked Product verified:: Men's Running Shoes  Men's Running Shoes]]>
    </line>
  </reporter-output>
  <suite started-at="2023-06-08T15:57:21 IST" name="Surefire suite" finished-at="2023-06-08T15:58:18 IST" duration-ms="57139">
    <groups>
    </groups>
    <test started-at="2023-06-08T15:57:21 IST" name="Surefire test" finished-at="2023-06-08T15:58:18 IST" duration-ms="57139">
      <class name="driverFactory.TestScript">
        <test-method is-config="true" signature="setUp()[pri:0, instance:driverFactory.TestScript@7aaca91a]" started-at="2023-06-08T15:57:07 IST" name="setUp" finished-at="2023-06-08T15:57:21 IST" duration-ms="14450" status="PASS">
          <reporter-output>
          </reporter-output>
        </test-method> <!-- setUp -->
        <test-method signature="verifyFrontPageTitle()[pri:0, instance:driverFactory.TestScript@7aaca91a]" started-at="2023-06-08T15:57:21 IST" name="verifyFrontPageTitle" finished-at="2023-06-08T15:57:23 IST" duration-ms="1832" status="PASS">
          <reporter-output>
            <line>
              <![CDATA[Front page title verified ::  Online Shopping site in India: Shop Online for Mobiles, Books, Watches, Shoes and More - Amazon.in]]>
            </line>
          </reporter-output>
        </test-method> <!-- verifyFrontPageTitle -->
        <test-method signature="verifyFrontPageHeader()[pri:1, instance:driverFactory.TestScript@7aaca91a]" started-at="2023-06-08T15:57:26 IST" name="verifyFrontPageHeader" finished-at="2023-06-08T15:57:26 IST" duration-ms="202" status="PASS">
          <reporter-output>
            <line>
              <![CDATA[Front page header verified ::  Amazon miniTV]]>
            </line>
          </reporter-output>
        </test-method> <!-- verifyFrontPageHeader -->
        <test-method signature="search()[pri:2, instance:driverFactory.TestScript@7aaca91a]" started-at="2023-06-08T15:57:26 IST" name="search" finished-at="2023-06-08T15:57:49 IST" duration-ms="23201" status="PASS">
          <reporter-output>
            <line>
              <![CDATA[Search Functionality of this app verified ::  "a sport shoe for men"]]>
            </line>
          </reporter-output>
        </test-method> <!-- search -->
        <test-method signature="ASearchedProducts()[pri:3, instance:driverFactory.TestScript@7aaca91a]" started-at="2023-06-08T15:57:49 IST" name="ASearchedProducts" finished-at="2023-06-08T15:58:18 IST" duration-ms="28752" status="PASS">
          <reporter-output>
            <line>
              <![CDATA[All searched product loaded and Clicked Product verified:: Men's Running Shoes  Men's Running Shoes]]>
            </line>
          </reporter-output>
        </test-method> <!-- ASearchedProducts -->
        <test-method is-config="true" signature="tearDown()[pri:0, instance:driverFactory.TestScript@7aaca91a]" started-at="2023-06-08T15:58:23 IST" name="tearDown" finished-at="2023-06-08T15:58:28 IST" duration-ms="4707" status="PASS">
          <reporter-output>
          </reporter-output>
        </test-method> <!-- tearDown -->
      </class> <!-- driverFactory.TestScript -->
    </test> <!-- Surefire test -->
  </suite> <!-- Surefire suite -->
</testng-results>
