<?xml version="1.0" encoding="UTF-8"?>
<testsuite xmlns:xsi="http://www.w3.org/2001/XMLSchema-instance" xsi:noNamespaceSchemaLocation="https://maven.apache.org/surefire/maven-surefire-plugin/xsd/surefire-test-report.xsd" name="TestSuite" time="84.769" tests="4" errors="0" skipped="0" failures="0">
  <properties>
[...]
</properties>
  <testcase name="verifyFrontPageTitle" classname="driverFactory.TestScript" time="1.814"/>
  <testcase name="verifyFrontPageHeader" classname="driverFactory.TestScript" time="0.202"/>
  <testcase name="search" classname="driverFactory.TestScript" time="23.201"/>
  <testcase name="ASearchedProducts" classname="driverFactory.TestScript" time="28.756"/>
</testsuite>