<?xml version="1.0" encoding="UTF-8"?>
<testng-results ignored="0" total="5" passed="4" failed="1" skipped="0">
  <reporter-output>
    <line>
      <![CDATA[Front page title verified ::  Online Shopping site in India: Shop Online for Mobiles, Books, Watches, Shoes and More - Amazon.in]]>
    </line>
    <line>
      <![CDATA[Front page header verified ::  Amazon miniTV]]>
    </line>
    <line>
      <![CDATA[Search Functionality of this app verified ::  "a sport shoe for men"]]>
    </line>
    <line>
      <![CDATA[All searched product loaded and Clicked Product verified:: Men's Running Shoe  Men's Running Shoe]]>
    </line>
  </reporter-output>
  <suite started-at="2023-07-12T23:19:11 IST" name="Smoke Test" finished-at="2023-07-12T23:19:47 IST" duration-ms="35581">
    <groups>
    </groups>
    <test started-at="2023-07-12T23:19:11 IST" name="test1" finished-at="2023-07-12T23:19:47 IST" duration-ms="35581">
      <class name="driverFactory.TestScript02">
        <test-method signature="startSearch()[pri:0, instance:driverFactory.TestScript02@26a4842b]" started-at="2023-07-12T23:19:11 IST" name="startSearch" finished-at="2023-07-12T23:19:12 IST" duration-ms="372" status="FAIL">
          <exception class="java.lang.NullPointerException">
            <full-stacktrace>
              <![CDATA[java.lang.NullPointerException
at org.openqa.selenium.support.pagefactory.DefaultElementLocator.findElement(DefaultElementLocator.java:69)
at org.openqa.selenium.support.pagefactory.internal.LocatingElementHandler.invoke(LocatingElementHandler.java:38)
at com.sun.proxy.$Proxy20.click(Unknown Source)
at scenario02.AfrontPage01.fPage(AfrontPage01.java:17)
at driverFactory.TestScript02.startSearch(TestScript02.java:24)
at java.base/jdk.internal.reflect.NativeMethodAccessorImpl.invoke0(Native Method)
at java.base/jdk.internal.reflect.NativeMethodAccessorImpl.invoke(NativeMethodAccessorImpl.java:62)
at java.base/jdk.internal.reflect.DelegatingMethodAccessorImpl.invoke(DelegatingMethodAccessorImpl.java:43)
at java.base/java.lang.reflect.Method.invoke(Method.java:566)
at org.testng.internal.invokers.MethodInvocationHelper.invokeMethod(MethodInvocationHelper.java:139)
at org.testng.internal.invokers.TestInvoker.invokeMethod(TestInvoker.java:664)
at org.testng.internal.invokers.TestInvoker.invokeTestMethod(TestInvoker.java:227)
at org.testng.internal.invokers.MethodRunner.runInSequence(MethodRunner.java:50)
at org.testng.internal.invokers.TestInvoker$MethodInvocationAgent.invoke(TestInvoker.java:957)
at org.testng.internal.invokers.TestInvoker.invokeTestMethods(TestInvoker.java:200)
at org.testng.internal.invokers.TestMethodWorker.invokeTestMethods(TestMethodWorker.java:148)
at org.testng.internal.invokers.TestMethodWorker.run(TestMethodWorker.java:128)
at java.base/java.util.concurrent.ThreadPoolExecutor.runWorker(ThreadPoolExecutor.java:1128)
at java.base/java.util.concurrent.ThreadPoolExecutor$Worker.run(ThreadPoolExecutor.java:628)
at java.base/java.lang.Thread.run(Thread.java:834)
]]>
            </full-stacktrace>
          </exception> <!-- java.lang.NullPointerException -->
          <reporter-output>
          </reporter-output>
        </test-method> <!-- startSearch -->
      </class> <!-- driverFactory.TestScript02 -->
      <class name="driverFactory.TestScript01">
        <test-method is-config="true" signature="setUp()[pri:0, instance:driverFactory.TestScript01@339bf286]" started-at="2023-07-12T23:18:53 IST" name="setUp" finished-at="2023-07-12T23:19:11 IST" duration-ms="18063" status="PASS">
          <reporter-output>
          </reporter-output>
        </test-method> <!-- setUp -->
        <test-method signature="verifyFrontPageTitle()[pri:0, instance:driverFactory.TestScript01@339bf286]" started-at="2023-07-12T23:19:11 IST" name="verifyFrontPageTitle" finished-at="2023-07-12T23:19:13 IST" duration-ms="1712" status="PASS">
          <reporter-output>
            <line>
              <![CDATA[Front page title verified ::  Online Shopping site in India: Shop Online for Mobiles, Books, Watches, Shoes and More - Amazon.in]]>
            </line>
          </reporter-output>
        </test-method> <!-- verifyFrontPageTitle -->
        <test-method signature="verifyFrontPageHeader()[pri:1, instance:driverFactory.TestScript01@339bf286]" started-at="2023-07-12T23:19:13 IST" name="verifyFrontPageHeader" finished-at="2023-07-12T23:19:13 IST" duration-ms="233" status="PASS">
          <reporter-output>
            <line>
              <![CDATA[Front page header verified ::  Amazon miniTV]]>
            </line>
          </reporter-output>
        </test-method> <!-- verifyFrontPageHeader -->
        <test-method signature="search()[pri:2, instance:driverFactory.TestScript01@339bf286]" started-at="2023-07-12T23:19:13 IST" name="search" finished-at="2023-07-12T23:19:21 IST" duration-ms="7682" status="PASS">
          <reporter-output>
            <line>
              <![CDATA[Search Functionality of this app verified ::  "a sport shoe for men"]]>
            </line>
          </reporter-output>
        </test-method> <!-- search -->
        <test-method signature="ASearchedProducts()[pri:3, instance:driverFactory.TestScript01@339bf286]" started-at="2023-07-12T23:19:21 IST" name="ASearchedProducts" finished-at="2023-07-12T23:19:47 IST" duration-ms="25712" status="PASS">
          <reporter-output>
            <line>
              <![CDATA[All searched product loaded and Clicked Product verified:: Men's Running Shoe  Men's Running Shoe]]>
            </line>
          </reporter-output>
        </test-method> <!-- ASearchedProducts -->
        <test-method is-config="true" signature="tearDown()[pri:0, instance:driverFactory.TestScript01@339bf286]" started-at="2023-07-12T23:19:47 IST" name="tearDown" finished-at="2023-07-12T23:19:49 IST" duration-ms="1816" status="PASS">
          <reporter-output>
          </reporter-output>
        </test-method> <!-- tearDown -->
      </class> <!-- driverFactory.TestScript01 -->
    </test> <!-- test1 -->
  </suite> <!-- Smoke Test -->
</testng-results>
